INFO [2018-07-27 18:33:56] [[1]]
INFO [2018-07-27 18:33:56] list(B = 1:1800, A = 1571:2020)
INFO [2018-07-27 18:33:56] 
INFO [2018-07-27 18:33:56] $fill
INFO [2018-07-27 18:33:56] c("red", "green")
INFO [2018-07-27 18:33:56] 
INFO [2018-07-27 18:33:56] $alpha
INFO [2018-07-27 18:33:56] c(0.5, 0.5)
INFO [2018-07-27 18:33:56] 
INFO [2018-07-27 18:33:56] $cex
INFO [2018-07-27 18:33:56] [1] 2
INFO [2018-07-27 18:33:56] 
INFO [2018-07-27 18:33:56] $cat.fontface
INFO [2018-07-27 18:33:56] [1] 4
INFO [2018-07-27 18:33:56] 
INFO [2018-07-27 18:33:56] $lty
INFO [2018-07-27 18:33:56] [1] 2
INFO [2018-07-27 18:33:56] 
INFO [2018-07-27 18:33:56] $fontfamily
INFO [2018-07-27 18:33:56] [1] 3
INFO [2018-07-27 18:33:56] 
INFO [2018-07-27 18:33:56] $filename
INFO [2018-07-27 18:33:56] [1] "trial2.emf"
INFO [2018-07-27 18:33:56] 
