INFO [2018-07-27 18:33:39] [[1]]
INFO [2018-07-27 18:33:39] list(B = 1:1800, A = 1571:2020)
INFO [2018-07-27 18:33:39] 
INFO [2018-07-27 18:33:39] $fill
INFO [2018-07-27 18:33:39] c("red", "green")
INFO [2018-07-27 18:33:39] 
INFO [2018-07-27 18:33:39] $alpha
INFO [2018-07-27 18:33:39] c(0.5, 0.5)
INFO [2018-07-27 18:33:39] 
INFO [2018-07-27 18:33:39] $cex
INFO [2018-07-27 18:33:39] [1] 2
INFO [2018-07-27 18:33:39] 
INFO [2018-07-27 18:33:39] $cat.fontface
INFO [2018-07-27 18:33:39] [1] 4
INFO [2018-07-27 18:33:39] 
INFO [2018-07-27 18:33:39] $lty
INFO [2018-07-27 18:33:39] [1] 2
INFO [2018-07-27 18:33:39] 
INFO [2018-07-27 18:33:39] $fontfamily
INFO [2018-07-27 18:33:39] [1] 3
INFO [2018-07-27 18:33:39] 
INFO [2018-07-27 18:33:39] $filename
INFO [2018-07-27 18:33:39] [1] "trial2.emf"
INFO [2018-07-27 18:33:39] 
